<?xml version="1.0" encoding="UTF-8"?>
<!-- Generated by org.testng.reporters.JUnitReportReporter -->
<testsuite hostname="DESKTOP-VLVFQQC" failures="0" tests="1" name="com.autobot.scripts.CartRecovered_10" time="386.588" errors="0" timestamp="2019-12-09T10:51:50 IST" skipped="0">
  <testcase classname="com.autobot.scripts.CartRecovered_10" name="cartRecoveryEvent_1" time="386.588"/>
</testsuite> <!-- com.autobot.scripts.CartRecovered_10 -->
