<?xml version="1.0" encoding="UTF-8"?>
<!-- Generated by org.testng.reporters.JUnitReportReporter -->
<testsuite hostname="DESKTOP-VLVFQQC" failures="0" tests="1" name="com.autobot.scripts.WoocommerceSubscriptionEvents_5" time="186.568" errors="0" timestamp="2019-12-06T14:12:08 IST" skipped="0">
  <testcase classname="com.autobot.scripts.WoocommerceSubscriptionEvents_5" name="SubscriptionRenewalPaymentFailed_5" time="186.568"/>
</testsuite> <!-- com.autobot.scripts.WoocommerceSubscriptionEvents_5 -->
