<?xml version="1.0" encoding="UTF-8"?>
<!-- Generated by org.testng.reporters.JUnitReportReporter -->
<testsuite hostname="DESKTOP-VLVFQQC" failures="0" tests="4" name="com.autobot.scripts.WoocommerceActions_6" time="630.903" errors="0" timestamp="2019-12-05T17:39:13 IST" skipped="0">
  <testcase classname="com.autobot.scripts.WoocommerceActions_6" name="DeleteCoupon_2" time="156.414"/>
  <testcase classname="com.autobot.scripts.WoocommerceActions_6" name="CreateCoupon_1" time="153.527"/>
  <testcase classname="com.autobot.scripts.WoocommerceActions_6" name="AddOrderNote_4" time="160.716"/>
  <testcase classname="com.autobot.scripts.WoocommerceActions_6" name="ChangeOrderStatus_3" time="160.246"/>
</testsuite> <!-- com.autobot.scripts.WoocommerceActions_6 -->
