<?xml version="1.0" encoding="UTF-8"?>
<!-- Generated by org.testng.reporters.JUnitReportReporter -->
<testsuite hostname="DESKTOP-VLVFQQC" failures="0" tests="7" name="com.autobot.scripts.UpstrokeEvents_7" time="1095.687" errors="0" timestamp="2019-12-06T13:44:20 IST" skipped="0">
  <testcase classname="com.autobot.scripts.UpstrokeEvents_7" name="OfferAccepted_5" time="163.234"/>
  <testcase classname="com.autobot.scripts.UpstrokeEvents_7" name="FunnelEnded_No_3" time="160.049"/>
  <testcase classname="com.autobot.scripts.UpstrokeEvents_7" name="OfferPaymentFailed_7" time="161.427"/>
  <testcase classname="com.autobot.scripts.UpstrokeEvents_7" name="OfferRejected_6" time="163.017"/>
  <testcase classname="com.autobot.scripts.UpstrokeEvents_7" name="FunnelStarted_1" time="135.975"/>
  <testcase classname="com.autobot.scripts.UpstrokeEvents_7" name="FunnelEnded_Yes_2" time="163.213"/>
  <testcase classname="com.autobot.scripts.UpstrokeEvents_7" name="OfferViewed_4" time="148.772"/>
</testsuite> <!-- com.autobot.scripts.UpstrokeEvents_7 -->
