<?xml version="1.0" encoding="UTF-8"?>
<!-- Generated by org.testng.reporters.JUnitReportReporter -->
<testsuite hostname="DESKTOP-VLVFQQC" failures="0" tests="3" name="com.autobot.scripts.OrderNoteAdded_4" time="601.940" errors="0" timestamp="2019-12-05T17:26:04 IST" skipped="0">
  <testcase classname="com.autobot.scripts.OrderNoteAdded_4" name="OrderNoteMode_Customer_3" time="198.915"/>
  <testcase classname="com.autobot.scripts.OrderNoteAdded_4" name="OrderNoteMode_Both_1" time="201.124"/>
  <testcase classname="com.autobot.scripts.OrderNoteAdded_4" name="OrderNoteMode_Private_2" time="201.901"/>
</testsuite> <!-- com.autobot.scripts.OrderNoteAdded_4 -->
