<?xml version="1.0" encoding="UTF-8"?>
<!-- Generated by org.testng.reporters.JUnitReportReporter -->
<testsuite hostname="DESKTOP-VLVFQQC" failures="0" tests="5" name="com.autobot.scripts.AffiliateWPEvents_9" time="651.681" errors="0" timestamp="2019-12-05T16:30:42 IST" skipped="0">
  <testcase classname="com.autobot.scripts.AffiliateWPEvents_9" name="ReferralRejected_4" time="169.240"/>
  <testcase classname="com.autobot.scripts.AffiliateWPEvents_9" name="ApplicationSignUp_1" time="95.296"/>
  <testcase classname="com.autobot.scripts.AffiliateWPEvents_9" name="ApplicationRejected_3" time="112.504"/>
  <testcase classname="com.autobot.scripts.AffiliateWPEvents_9" name="AffiliateMakesASale_5" time="165.163"/>
  <testcase classname="com.autobot.scripts.AffiliateWPEvents_9" name="ApplicationApproved_2" time="109.478"/>
</testsuite> <!-- com.autobot.scripts.AffiliateWPEvents_9 -->
