<?xml version="1.0" encoding="UTF-8"?>
<!-- Generated by org.testng.reporters.JUnitReportReporter -->
<testsuite hostname="DESKTOP-VLVFQQC" failures="0" tests="1" name="com.autobot.scripts.CartAbandoned_2" time="280.601" errors="0" timestamp="2019-12-06T16:37:18 IST" skipped="0">
  <testcase classname="com.autobot.scripts.CartAbandoned_2" name="RecoveryLinkCheck_1" time="280.601"/>
</testsuite> <!-- com.autobot.scripts.CartAbandoned_2 -->
