<?xml version="1.0" encoding="UTF-8"?>
<!-- Generated by org.testng.reporters.JUnitReportReporter -->
<testsuite hostname="DESKTOP-VLVFQQC" failures="0" tests="2" name="com.autobot.scripts.WordpressEvents_8" time="164.255" errors="0" timestamp="2019-12-05T18:13:40 IST" skipped="0">
  <testcase classname="com.autobot.scripts.WordpressEvents_8" name="UserCreation_1" time="91.219"/>
  <testcase classname="com.autobot.scripts.WordpressEvents_8" name="UserLogin_2" time="73.036"/>
</testsuite> <!-- com.autobot.scripts.WordpressEvents_8 -->
